Arguments: 
  /usr/local/Cellar/node/11.10.0/bin/node /usr/local/Cellar/yarn/1.13.0/libexec/bin/yarn.js add semantic-ui-react

PATH: 
  /usr/local/bin:/usr/bin:/bin:/usr/sbin:/sbin:/usr/local/share/dotnet:~/.dotnet/tools:/Library/Frameworks/Mono.framework/Versions/Current/Commands:/Applications/Xamarin Workbooks.app/Contents/SharedSupport/path-bin

Yarn version: 
  1.13.0

Node version: 
  11.10.0

Platform: 
  darwin x64

Trace: 
  Error: https://registry.yarnpkg.com/material-design-icons/-/material-design-icons-3.0.1.tgz: ESOCKETTIMEDOUT
      at ClientRequest.<anonymous> (/usr/local/Cellar/yarn/1.13.0/libexec/lib/cli.js:130024:19)
      at Object.onceWrapper (events.js:285:13)
      at ClientRequest.emit (events.js:197:13)
      at TLSSocket.emitRequestTimeout (_http_client.js:669:40)
      at Object.onceWrapper (events.js:285:13)
      at TLSSocket.emit (events.js:197:13)
      at TLSSocket.Socket._onTimeout (net.js:447:8)
      at listOnTimeout (timers.js:327:15)
      at processTimers (timers.js:271:5)

npm manifest: 
  {
    "name": "tchitchat",
    "private": true,
    "scripts": {
      "start": "meteor run",
      "test": "meteor test --once --driver-package meteortesting:mocha",
      "test-app": "TEST_WATCH=1 meteor test --full-app --driver-package meteortesting:mocha",
      "visualize": "meteor --production --extra-packages bundle-visualizer"
    },
    "dependencies": {
      "@babel/runtime": "^7.3.4",
      "@tinymce/tinymce-react": "^3.2.0",
      "bcrypt": "^3.0.6",
      "bootstrap": "^4.3.1",
      "core-js": "^3.1.4",
      "material-design-icons": "^3.0.1",
      "meteor-node-stubs": "^0.4.1",
      "react": "^16.5.0",
      "react-bootstrap": "^1.0.0-beta.9",
      "react-dom": "^16.5.0",
      "react-router-dom": "^5.0.1",
      "react-toastify": "^5.3.1",
      "simpl-schema": "^1.5.5",
      "styled-components": "^4.3.2"
    },
    "meteor": {
      "mainModule": {
        "client": "client/main.jsx",
        "server": "server/main.js"
      },
      "testModule": "tests/main.js"
    }
  }

yarn manifest: 
  No manifest

Lockfile: 
  No lockfile
